<html>
<head>
<title>TestNG:  Android Test</title>
<link href="../testng.css" rel="stylesheet" type="text/css" />
<link href="../my-testng.css" rel="stylesheet" type="text/css" />

<style type="text/css">
.log { display: none;} 
.stack-trace { display: none;} 
</style>
<script type="text/javascript">
<!--
function flip(e) {
  current = e.style.display;
  if (current == 'block') {
    e.style.display = 'none';
    return 0;
  }
  else {
    e.style.display = 'block';
    return 1;
  }
}

function toggleBox(szDivId, elem, msg1, msg2)
{
  var res = -1;  if (document.getElementById) {
    res = flip(document.getElementById(szDivId));
  }
  else if (document.all) {
    // this is the way old msie versions work
    res = flip(document.all[szDivId]);
  }
  if(elem) {
    if(res == 0) elem.innerHTML = msg1; else elem.innerHTML = msg2;
  }

}

function toggleAllBoxes() {
  if (document.getElementsByTagName) {
    d = document.getElementsByTagName('div');
    for (i = 0; i < d.length; i++) {
      if (d[i].className == 'log') {
        flip(d[i]);
      }
    }
  }
}

// -->
</script>

</head>
<body>
<h2 align='center'>Android Test</h2><table border='1' align="center">
<tr>
<td>Tests passed/Failed/Skipped:</td><td>0/1/0</td>
</tr><tr>
<td>Started on:</td><td>Mon Jul 20 16:25:46 IST 2020</td>
</tr>
<tr><td>Total time:</td><td>69 seconds (69027 ms)</td>
</tr><tr>
<td>Included groups:</td><td></td>
</tr><tr>
<td>Excluded groups:</td><td></td>
</tr>
</table><p/>
<small><i>(Hover the method name to see the test class name)</i></small><p/>
<table width='100%' border='1' class='invocation-failed'>
<tr><td colspan='4' align='center'><b>FAILED TESTS</b></td></tr>
<tr><td><b>Test method</b></td>
<td width="30%"><b>Exception</b></td>
<td width="10%"><b>Time (seconds)</b></td>
<td><b>Instance</b></td>
</tr>
<tr>
<td title='com.app.testRunners.Android_TestRunner.feature()'><b>feature</b><br>Test class: com.app.testRunners.Android_TestRunner<br>Test method: Runs Cucumber Feature<br>Parameters: SearchPage</td>
<td><div><pre>cucumber.runtime.CucumberException: io.appium.java_client.NoSuchContextException: An unknown server-side error occurred while processing the command. Original error: No Chromedriver found that can automate Chrome &apos;84.0.4147&apos;. See https://github.com/appium/appium/blob/master/docs/en/writing-running-appium/web/chromedriver.md for more details. You could also try to enable automated chromedrivers download server feature (WARNING: The server did not provide any stacktrace information)
Command duration or timeout: 0 milliseconds
Build info: version: &apos;3.141.59&apos;, revision: &apos;e82be7d358&apos;, time: &apos;2018-11-14T08:17:03&apos;
System info: host: &apos;LAPTOP-AK8SS6IQ&apos;, ip: &apos;192.168.0.105&apos;, os.name: &apos;Windows 10&apos;, os.arch: &apos;amd64&apos;, os.version: &apos;10.0&apos;, java.version: &apos;1.8.0_261&apos;
Driver info: io.appium.java_client.android.AndroidDriver
Capabilities {acceptInsecureCerts: true, acceptSslCerts: true, appActivity: com.ebay.mobile.activities...., appPackage: com.ebay.mobile, autoDismissAlerts: true, autoGrantPermissions: true, automationName: UiAutomator2, clearSystemFiles: true, databaseEnabled: false, desired: {acceptInsecureCerts: true, acceptSslCerts: true, appActivity: com.ebay.mobile.activities...., appPackage: com.ebay.mobile, autoDismissAlerts: true, autoGrantPermissions: true, automationName: UiAutomator2, clearSystemFiles: true, deviceName: Android Emulator, handlesAlerts: true, newCommandTimeout: 60, noReset: true, platformName: Android, platformVersion: 9, printPageSourceOnFindFailure: true, resetKeyboard: true, takesScreenshot: true, unexpectedAlertBehaviour: true, unhandledPromptBehavior: true, unicodeKeyboard: true}, deviceApiLevel: 28, deviceManufacturer: Google, deviceModel: AOSP on IA Emulator, deviceName: emulator-5554, deviceScreenDensity: 400, deviceScreenSize: 1080x2160, deviceUDID: emulator-5554, handlesAlerts: true, javascriptEnabled: true, locationContextEnabled: false, networkConnectionEnabled: true, newCommandTimeout: 60, noReset: true, pixelRatio: 2.5, platform: LINUX, platformName: Android, platformVersion: 9, printPageSourceOnFindFailure: true, resetKeyboard: true, statBarHeight: 123, takesScreenshot: true, unexpectedAlertBehaviour: true, unhandledPromptBehavior: true, unicodeKeyboard: true, viewportRect: {height: 1746, left: 0, top: 123, width: 1080}, warnings: {}, webStorageEnabled: false}
Session ID: 09faca16-8fcb-4157-bb35-eecee41d4e5c
	at cucumber.api.testng.TestNGCucumberRunner.runCucumber(TestNGCucumberRunner.java:69)
	at cucumber.api.testng.AbstractTestNGCucumberTests.feature(AbstractTestNGCucumberTests.java:21)
	at java.util.concurrent.FutureTask.run(Unknown Source)
	at java.util.concurrent.ThreadPoolExecutor.runWorker(Unknown Source)
	at java.util.concurrent.ThreadPoolExecutor$Worker.run(Unknown Source)
	at java.lang.Thread.run(Unknown Source)
Caused by: io.appium.java_client.NoSuchContextException: An unknown server-side error occurred while processing the command. Original error: No Chromedriver found that can automate Chrome &apos;84.0.4147&apos;. See https://github.com/appium/appium/blob/master/docs/en/writing-running-appium/web/chromedriver.md for more details. You could also try to enable automated chromedrivers download server feature (WARNING: The server did not provide any stacktrace information)
Command duration or timeout: 0 milliseconds
Build info: version: &apos;3.141.59&apos;, revision: &apos;e82be7d358&apos;, time: &apos;2018-11-14T08:17:03&apos;
System info: host: &apos;LAPTOP-AK8SS6IQ&apos;, ip: &apos;192.168.0.105&apos;, os.name: &apos;Windows 10&apos;, os.arch: &apos;amd64&apos;, os.version: &apos;10.0&apos;, java.version: &apos;1.8.0_261&apos;
Driver info: io.appium.java_client.android.AndroidDriver
Capabilities {acceptInsecureCerts: true, acceptSslCerts: true, appActivity: com.ebay.mobile.activities...., appPackage: com.ebay.mobile, autoDismissAlerts: true, autoGrantPermissions: true, automationName: UiAutomator2, clearSystemFiles: true, databaseEnabled: false, desired: {acceptInsecureCerts: true, acceptSslCerts: true, appActivity: com.ebay.mobile.activities...., appPackage: com.ebay.mobile, autoDismissAlerts: true, autoGrantPermissions: true, automationName: UiAutomator2, clearSystemFiles: true, deviceName: Android Emulator, handlesAlerts: true, newCommandTimeout: 60, noReset: true, platformName: Android, platformVersion: 9, printPageSourceOnFindFailure: true, resetKeyboard: true, takesScreenshot: true, unexpectedAlertBehaviour: true, unhandledPromptBehavior: true, unicodeKeyboard: true}, deviceApiLevel: 28, deviceManufacturer: Google, deviceModel: AOSP on IA Emulator, deviceName: emulator-5554, deviceScreenDensity: 400, deviceScreenSize: 1080x2160, deviceUDID: emulator-5554, handlesAlerts: true, javascriptEnabled: true, locationContextEnabled: false, networkConnectionEnabled: true, newCommandTimeout: 60, noReset: true, pixelRatio: 2.5, platform: LINUX, platformName: Android, platformVersion: 9, printPageSourceOnFindFailure: true, resetKeyboard: true, statBarHeight: 123, takesScreenshot: true, unexpectedAlertBehaviour: true, unhandledPromptBehavior: true, unicodeKeyboard: true, viewportRect: {height: 1746, left: 0, top: 123, width: 1080}, warnings: {}, webStorageEnabled: false}
Session ID: 09faca16-8fcb-4157-bb35-eecee41d4e5c
	at io.appium.java_client.AppiumDriver.context(AppiumDriver.java:231)
	at com.app.steps_definitions.LoginPage_Steps.user_logins_using_google_button(LoginPage_Steps.java:26)
	at ?.When User logins using &apos;google&apos; button(SearchPage.feature:12)
Caused by: org.openqa.selenium.WebDriverException: An unknown server-side error occurred while processing the command. Original error: No Chromedriver found that can automate Chrome &apos;84.0.4147&apos;. See https://github.com/appium/appium/blob/master/docs/en/writing-running-appium/web/chromedriver.md for more details. You could also try to enable automated chromedrivers download server feature (WARNING: The server did not provide any stacktrace information)
Command duration or timeout: 0 milliseconds
Build info: version: &apos;3.141.59&apos;, revision: &apos;e82be7d358&apos;, time: &apos;2018-11-14T08:17:03&apos;
System info: host: &apos;LAPTOP-AK8SS6IQ&apos;, ip: &apos;192.168.0.105&apos;, os.name: &apos;Windows 10&apos;, os.arch: &apos;amd64&apos;, os.version: &apos;10.0&apos;, java.version: &apos;1.8.0_261&apos;
Driver info: io.appium.java_client.android.AndroidDriver
Capabilities {acceptInsecureCerts: true, acceptSslCerts: true, appActivity: com.ebay.mobile.activities...., appPackage: com.ebay.mobile, autoDismissAlerts: true, autoGrantPermissions: true, automationName: UiAutomator2, clearSystemFiles: true, databaseEnabled: false, desired: {acceptInsecureCerts: true, acceptSslCerts: true, appActivity: com.ebay.mobile.activities...., appPackage: com.ebay.mobile, autoDismissAlerts: true, autoGrantPermissions: true, automationName: UiAutomator2, clearSystemFiles: true, deviceName: Android Emulator, handlesAlerts: true, newCommandTimeout: 60, noReset: true, platformName: Android, platformVersion: 9, printPageSourceOnFindFailure: true, resetKeyboard: true, takesScreenshot: true, unexpectedAlertBehaviour: true, unhandledPromptBehavior: true, unicodeKeyboard: true}, deviceApiLevel: 28, deviceManufacturer: Google, deviceModel: AOSP on IA Emulator, deviceName: emulator-5554, deviceScreenDensity: 400, deviceScreenSize: 1080x2160, deviceUDID: emulator-5554, handlesAlerts: true, javascriptEnabled: true, locationContextEnabled: false, networkConnectionEnabled: true, newCommandTimeout: 60, noReset: true, pixelRatio: 2.5, platform: LINUX, platformName: Android, platformVersion: 9, printPageSourceOnFindFailure: true, resetKeyboard: true, statBarHeight: 123, takesScreenshot: true, unexpectedAlertBehaviour: true, unhandledPromptBehavior: true, unicodeKeyboard: true, viewportRect: {height: 1746, left: 0, top: 123, width: 1080}, warnings: {}, webStorageEnabled: false}
Session ID: 09faca16-8fcb-4157-bb35-eecee41d4e5c
	at org.openqa.selenium.remote.ErrorHandler.createThrowable(ErrorHandler.java:214)
	at org.openqa.selenium.remote.ErrorHandler.throwIfResponseFailed(ErrorHandler.java:166)
	at org.openqa.selenium.remote.http.JsonHttpResponseCodec.reconstructValue(JsonHttpResponseCodec.java:40)
	at org.openqa.selenium.remote.http.AbstractHttpResponseCodec.decode(AbstractHttpResponseCodec.java:80)
	at org.openqa.selenium.remote.http.AbstractHttpResponseCodec.decode(AbstractHttpResponseCodec.java:44)
	at org.openqa.selenium.remote.HttpCommandExecutor.execute(HttpCommandExecutor.java:158)
	at io.appium.java_client.remote.AppiumCommandExecutor.execute(AppiumCommandExecutor.java:239)
	at org.openqa.selenium.remote.RemoteWebDriver.execute(RemoteWebDriver.java:548)
	at io.appium.java_client.DefaultGenericMobileDriver.execute(DefaultGenericMobileDriver.java:41)
	at io.appium.java_client.AppiumDriver.execute(AppiumDriver.java:1)
	at io.appium.java_client.android.AndroidDriver.execute(AndroidDriver.java:1)
	at io.appium.java_client.AppiumDriver.context(AppiumDriver.java:228)
	at com.app.steps_definitions.LoginPage_Steps.user_logins_using_google_button(LoginPage_Steps.java:26)
	at cucumber.runtime.Utils$1.call(Utils.java:37)
	at cucumber.runtime.Timeout.timeout(Timeout.java:13)
	at cucumber.runtime.Utils.invoke(Utils.java:31)
	at cucumber.runtime.java.JavaStepDefinition.execute(JavaStepDefinition.java:38)
	at cucumber.runtime.StepDefinitionMatch.runStep(StepDefinitionMatch.java:37)
	at cucumber.runtime.Runtime.runStep(Runtime.java:299)
	at cucumber.runtime.model.StepContainer.runStep(StepContainer.java:44)
	at cucumber.runtime.model.StepContainer.runSteps(StepContainer.java:39)
	at cucumber.runtime.model.CucumberScenario.run(CucumberScenario.java:44)
	at cucumber.runtime.model.CucumberFeature.run(CucumberFeature.java:165)
	at cucumber.api.testng.TestNGCucumberRunner.runCucumber(TestNGCucumberRunner.java:63)
	at cucumber.api.testng.AbstractTestNGCucumberTests.feature(AbstractTestNGCucumberTests.java:21)
	at java.util.concurrent.FutureTask.run(Unknown Source)
	at java.util.concurrent.ThreadPoolExecutor.runWorker(Unknown Source)
	at java.util.concurrent.ThreadPoolExecutor$Worker.run(Unknown Source)
	at java.lang.Thread.run(Unknown Source)
... Removed 40 stack frames</pre></div><a href='#' onClick='toggleBox("stack-trace2139159087", this, "Click to show all stack frames", "Click to hide stack frames")'>Click to show all stack frames</a>
<div class='stack-trace' id='stack-trace2139159087'><pre>cucumber.runtime.CucumberException: io.appium.java_client.NoSuchContextException: An unknown server-side error occurred while processing the command. Original error: No Chromedriver found that can automate Chrome &apos;84.0.4147&apos;. See https://github.com/appium/appium/blob/master/docs/en/writing-running-appium/web/chromedriver.md for more details. You could also try to enable automated chromedrivers download server feature (WARNING: The server did not provide any stacktrace information)
Command duration or timeout: 0 milliseconds
Build info: version: &apos;3.141.59&apos;, revision: &apos;e82be7d358&apos;, time: &apos;2018-11-14T08:17:03&apos;
System info: host: &apos;LAPTOP-AK8SS6IQ&apos;, ip: &apos;192.168.0.105&apos;, os.name: &apos;Windows 10&apos;, os.arch: &apos;amd64&apos;, os.version: &apos;10.0&apos;, java.version: &apos;1.8.0_261&apos;
Driver info: io.appium.java_client.android.AndroidDriver
Capabilities {acceptInsecureCerts: true, acceptSslCerts: true, appActivity: com.ebay.mobile.activities...., appPackage: com.ebay.mobile, autoDismissAlerts: true, autoGrantPermissions: true, automationName: UiAutomator2, clearSystemFiles: true, databaseEnabled: false, desired: {acceptInsecureCerts: true, acceptSslCerts: true, appActivity: com.ebay.mobile.activities...., appPackage: com.ebay.mobile, autoDismissAlerts: true, autoGrantPermissions: true, automationName: UiAutomator2, clearSystemFiles: true, deviceName: Android Emulator, handlesAlerts: true, newCommandTimeout: 60, noReset: true, platformName: Android, platformVersion: 9, printPageSourceOnFindFailure: true, resetKeyboard: true, takesScreenshot: true, unexpectedAlertBehaviour: true, unhandledPromptBehavior: true, unicodeKeyboard: true}, deviceApiLevel: 28, deviceManufacturer: Google, deviceModel: AOSP on IA Emulator, deviceName: emulator-5554, deviceScreenDensity: 400, deviceScreenSize: 1080x2160, deviceUDID: emulator-5554, handlesAlerts: true, javascriptEnabled: true, locationContextEnabled: false, networkConnectionEnabled: true, newCommandTimeout: 60, noReset: true, pixelRatio: 2.5, platform: LINUX, platformName: Android, platformVersion: 9, printPageSourceOnFindFailure: true, resetKeyboard: true, statBarHeight: 123, takesScreenshot: true, unexpectedAlertBehaviour: true, unhandledPromptBehavior: true, unicodeKeyboard: true, viewportRect: {height: 1746, left: 0, top: 123, width: 1080}, warnings: {}, webStorageEnabled: false}
Session ID: 09faca16-8fcb-4157-bb35-eecee41d4e5c
	at cucumber.api.testng.TestNGCucumberRunner.runCucumber(TestNGCucumberRunner.java:69)
	at cucumber.api.testng.AbstractTestNGCucumberTests.feature(AbstractTestNGCucumberTests.java:21)
	at sun.reflect.NativeMethodAccessorImpl.invoke0(Native Method)
	at sun.reflect.NativeMethodAccessorImpl.invoke(Unknown Source)
	at sun.reflect.DelegatingMethodAccessorImpl.invoke(Unknown Source)
	at java.lang.reflect.Method.invoke(Unknown Source)
	at org.testng.internal.MethodInvocationHelper.invokeMethod(MethodInvocationHelper.java:108)
	at org.testng.internal.Invoker.invokeMethod(Invoker.java:661)
	at org.testng.internal.Invoker.invokeTestMethod(Invoker.java:869)
	at org.testng.internal.Invoker.invokeTestMethods(Invoker.java:1193)
	at org.testng.internal.TestMethodWorker.invokeTestMethods(TestMethodWorker.java:126)
	at org.testng.internal.TestMethodWorker.run(TestMethodWorker.java:109)
	at org.testng.TestRunner.privateRun(TestRunner.java:744)
	at org.testng.TestRunner.run(TestRunner.java:602)
	at org.testng.SuiteRunner.runTest(SuiteRunner.java:380)
	at org.testng.SuiteRunner.access$000(SuiteRunner.java:39)
	at org.testng.SuiteRunner$SuiteWorker.run(SuiteRunner.java:414)
	at org.testng.internal.thread.ThreadUtil$1.call(ThreadUtil.java:52)
	at java.util.concurrent.FutureTask.run(Unknown Source)
	at java.util.concurrent.ThreadPoolExecutor.runWorker(Unknown Source)
	at java.util.concurrent.ThreadPoolExecutor$Worker.run(Unknown Source)
	at java.lang.Thread.run(Unknown Source)
Caused by: io.appium.java_client.NoSuchContextException: An unknown server-side error occurred while processing the command. Original error: No Chromedriver found that can automate Chrome &apos;84.0.4147&apos;. See https://github.com/appium/appium/blob/master/docs/en/writing-running-appium/web/chromedriver.md for more details. You could also try to enable automated chromedrivers download server feature (WARNING: The server did not provide any stacktrace information)
Command duration or timeout: 0 milliseconds
Build info: version: &apos;3.141.59&apos;, revision: &apos;e82be7d358&apos;, time: &apos;2018-11-14T08:17:03&apos;
System info: host: &apos;LAPTOP-AK8SS6IQ&apos;, ip: &apos;192.168.0.105&apos;, os.name: &apos;Windows 10&apos;, os.arch: &apos;amd64&apos;, os.version: &apos;10.0&apos;, java.version: &apos;1.8.0_261&apos;
Driver info: io.appium.java_client.android.AndroidDriver
Capabilities {acceptInsecureCerts: true, acceptSslCerts: true, appActivity: com.ebay.mobile.activities...., appPackage: com.ebay.mobile, autoDismissAlerts: true, autoGrantPermissions: true, automationName: UiAutomator2, clearSystemFiles: true, databaseEnabled: false, desired: {acceptInsecureCerts: true, acceptSslCerts: true, appActivity: com.ebay.mobile.activities...., appPackage: com.ebay.mobile, autoDismissAlerts: true, autoGrantPermissions: true, automationName: UiAutomator2, clearSystemFiles: true, deviceName: Android Emulator, handlesAlerts: true, newCommandTimeout: 60, noReset: true, platformName: Android, platformVersion: 9, printPageSourceOnFindFailure: true, resetKeyboard: true, takesScreenshot: true, unexpectedAlertBehaviour: true, unhandledPromptBehavior: true, unicodeKeyboard: true}, deviceApiLevel: 28, deviceManufacturer: Google, deviceModel: AOSP on IA Emulator, deviceName: emulator-5554, deviceScreenDensity: 400, deviceScreenSize: 1080x2160, deviceUDID: emulator-5554, handlesAlerts: true, javascriptEnabled: true, locationContextEnabled: false, networkConnectionEnabled: true, newCommandTimeout: 60, noReset: true, pixelRatio: 2.5, platform: LINUX, platformName: Android, platformVersion: 9, printPageSourceOnFindFailure: true, resetKeyboard: true, statBarHeight: 123, takesScreenshot: true, unexpectedAlertBehaviour: true, unhandledPromptBehavior: true, unicodeKeyboard: true, viewportRect: {height: 1746, left: 0, top: 123, width: 1080}, warnings: {}, webStorageEnabled: false}
Session ID: 09faca16-8fcb-4157-bb35-eecee41d4e5c
	at io.appium.java_client.AppiumDriver.context(AppiumDriver.java:231)
	at com.app.steps_definitions.LoginPage_Steps.user_logins_using_google_button(LoginPage_Steps.java:26)
	at ?.When User logins using &apos;google&apos; button(SearchPage.feature:12)
Caused by: org.openqa.selenium.WebDriverException: An unknown server-side error occurred while processing the command. Original error: No Chromedriver found that can automate Chrome &apos;84.0.4147&apos;. See https://github.com/appium/appium/blob/master/docs/en/writing-running-appium/web/chromedriver.md for more details. You could also try to enable automated chromedrivers download server feature (WARNING: The server did not provide any stacktrace information)
Command duration or timeout: 0 milliseconds
Build info: version: &apos;3.141.59&apos;, revision: &apos;e82be7d358&apos;, time: &apos;2018-11-14T08:17:03&apos;
System info: host: &apos;LAPTOP-AK8SS6IQ&apos;, ip: &apos;192.168.0.105&apos;, os.name: &apos;Windows 10&apos;, os.arch: &apos;amd64&apos;, os.version: &apos;10.0&apos;, java.version: &apos;1.8.0_261&apos;
Driver info: io.appium.java_client.android.AndroidDriver
Capabilities {acceptInsecureCerts: true, acceptSslCerts: true, appActivity: com.ebay.mobile.activities...., appPackage: com.ebay.mobile, autoDismissAlerts: true, autoGrantPermissions: true, automationName: UiAutomator2, clearSystemFiles: true, databaseEnabled: false, desired: {acceptInsecureCerts: true, acceptSslCerts: true, appActivity: com.ebay.mobile.activities...., appPackage: com.ebay.mobile, autoDismissAlerts: true, autoGrantPermissions: true, automationName: UiAutomator2, clearSystemFiles: true, deviceName: Android Emulator, handlesAlerts: true, newCommandTimeout: 60, noReset: true, platformName: Android, platformVersion: 9, printPageSourceOnFindFailure: true, resetKeyboard: true, takesScreenshot: true, unexpectedAlertBehaviour: true, unhandledPromptBehavior: true, unicodeKeyboard: true}, deviceApiLevel: 28, deviceManufacturer: Google, deviceModel: AOSP on IA Emulator, deviceName: emulator-5554, deviceScreenDensity: 400, deviceScreenSize: 1080x2160, deviceUDID: emulator-5554, handlesAlerts: true, javascriptEnabled: true, locationContextEnabled: false, networkConnectionEnabled: true, newCommandTimeout: 60, noReset: true, pixelRatio: 2.5, platform: LINUX, platformName: Android, platformVersion: 9, printPageSourceOnFindFailure: true, resetKeyboard: true, statBarHeight: 123, takesScreenshot: true, unexpectedAlertBehaviour: true, unhandledPromptBehavior: true, unicodeKeyboard: true, viewportRect: {height: 1746, left: 0, top: 123, width: 1080}, warnings: {}, webStorageEnabled: false}
Session ID: 09faca16-8fcb-4157-bb35-eecee41d4e5c
	at sun.reflect.NativeConstructorAccessorImpl.newInstance0(Native Method)
	at sun.reflect.NativeConstructorAccessorImpl.newInstance(Unknown Source)
	at sun.reflect.DelegatingConstructorAccessorImpl.newInstance(Unknown Source)
	at java.lang.reflect.Constructor.newInstance(Unknown Source)
	at org.openqa.selenium.remote.ErrorHandler.createThrowable(ErrorHandler.java:214)
	at org.openqa.selenium.remote.ErrorHandler.throwIfResponseFailed(ErrorHandler.java:166)
	at org.openqa.selenium.remote.http.JsonHttpResponseCodec.reconstructValue(JsonHttpResponseCodec.java:40)
	at org.openqa.selenium.remote.http.AbstractHttpResponseCodec.decode(AbstractHttpResponseCodec.java:80)
	at org.openqa.selenium.remote.http.AbstractHttpResponseCodec.decode(AbstractHttpResponseCodec.java:44)
	at org.openqa.selenium.remote.HttpCommandExecutor.execute(HttpCommandExecutor.java:158)
	at io.appium.java_client.remote.AppiumCommandExecutor.execute(AppiumCommandExecutor.java:239)
	at org.openqa.selenium.remote.RemoteWebDriver.execute(RemoteWebDriver.java:548)
	at io.appium.java_client.DefaultGenericMobileDriver.execute(DefaultGenericMobileDriver.java:41)
	at io.appium.java_client.AppiumDriver.execute(AppiumDriver.java:1)
	at io.appium.java_client.android.AndroidDriver.execute(AndroidDriver.java:1)
	at io.appium.java_client.AppiumDriver.context(AppiumDriver.java:228)
	at com.app.steps_definitions.LoginPage_Steps.user_logins_using_google_button(LoginPage_Steps.java:26)
	at sun.reflect.NativeMethodAccessorImpl.invoke0(Native Method)
	at sun.reflect.NativeMethodAccessorImpl.invoke(Unknown Source)
	at sun.reflect.DelegatingMethodAccessorImpl.invoke(Unknown Source)
	at java.lang.reflect.Method.invoke(Unknown Source)
	at cucumber.runtime.Utils$1.call(Utils.java:37)
	at cucumber.runtime.Timeout.timeout(Timeout.java:13)
	at cucumber.runtime.Utils.invoke(Utils.java:31)
	at cucumber.runtime.java.JavaStepDefinition.execute(JavaStepDefinition.java:38)
	at cucumber.runtime.StepDefinitionMatch.runStep(StepDefinitionMatch.java:37)
	at cucumber.runtime.Runtime.runStep(Runtime.java:299)
	at cucumber.runtime.model.StepContainer.runStep(StepContainer.java:44)
	at cucumber.runtime.model.StepContainer.runSteps(StepContainer.java:39)
	at cucumber.runtime.model.CucumberScenario.run(CucumberScenario.java:44)
	at cucumber.runtime.model.CucumberFeature.run(CucumberFeature.java:165)
	at cucumber.api.testng.TestNGCucumberRunner.runCucumber(TestNGCucumberRunner.java:63)
	at cucumber.api.testng.AbstractTestNGCucumberTests.feature(AbstractTestNGCucumberTests.java:21)
	at sun.reflect.NativeMethodAccessorImpl.invoke0(Native Method)
	at sun.reflect.NativeMethodAccessorImpl.invoke(Unknown Source)
	at sun.reflect.DelegatingMethodAccessorImpl.invoke(Unknown Source)
	at java.lang.reflect.Method.invoke(Unknown Source)
	at org.testng.internal.MethodInvocationHelper.invokeMethod(MethodInvocationHelper.java:108)
	at org.testng.internal.Invoker.invokeMethod(Invoker.java:661)
	at org.testng.internal.Invoker.invokeTestMethod(Invoker.java:869)
	at org.testng.internal.Invoker.invokeTestMethods(Invoker.java:1193)
	at org.testng.internal.TestMethodWorker.invokeTestMethods(TestMethodWorker.java:126)
	at org.testng.internal.TestMethodWorker.run(TestMethodWorker.java:109)
	at org.testng.TestRunner.privateRun(TestRunner.java:744)
	at org.testng.TestRunner.run(TestRunner.java:602)
	at org.testng.SuiteRunner.runTest(SuiteRunner.java:380)
	at org.testng.SuiteRunner.access$000(SuiteRunner.java:39)
	at org.testng.SuiteRunner$SuiteWorker.run(SuiteRunner.java:414)
	at org.testng.internal.thread.ThreadUtil$1.call(ThreadUtil.java:52)
	at java.util.concurrent.FutureTask.run(Unknown Source)
	at java.util.concurrent.ThreadPoolExecutor.runWorker(Unknown Source)
	at java.util.concurrent.ThreadPoolExecutor$Worker.run(Unknown Source)
	at java.lang.Thread.run(Unknown Source)
</pre></div></td>
<td>68</td>
<td>com.app.testRunners.Android_TestRunner@57855c9a</td></tr>
</table><p>
</body>
</html>