<?xml version="1.0" encoding="UTF-8"?>
<!-- Generated by org.testng.reporters.JUnitXMLReporter -->
<testsuite hostname="WKMIN7880754" name="test2" tests="1" failures="1" timestamp="19 Aug 2019 02:43:10 GMT" time="3.103" errors="0">
  <testcase name="feature" time="2.887" classname="com.demo.testRunners.Android_DebugTestRunner">
    <failure type="cucumber.runtime.CucumberException" message="java.lang.NullPointerException">
      <![CDATA[cucumber.runtime.CucumberException: java.lang.NullPointerException
	at cucumber.api.testng.TestNGCucumberRunner.runCucumber(TestNGCucumberRunner.java:69)
	at cucumber.api.testng.AbstractTestNGCucumberTests.feature(AbstractTestNGCucumberTests.java:21)
	at java.util.concurrent.FutureTask.run(FutureTask.java:266)
	at java.util.concurrent.ThreadPoolExecutor.runWorker(ThreadPoolExecutor.java:1149)
	at java.util.concurrent.ThreadPoolExecutor$Worker.run(ThreadPoolExecutor.java:624)
	at java.lang.Thread.run(Thread.java:748)
Caused by: java.lang.NullPointerException
	at java.util.TreeMap.rotateLeft(TreeMap.java:2224)
	at java.util.TreeMap.fixAfterInsertion(TreeMap.java:2291)
	at java.util.TreeMap.put(TreeMap.java:582)
	at org.openqa.selenium.AbstractCapabilities.setCapability(AbstractCapabilities.java:97)
	at org.openqa.selenium.MutableCapabilities.setCapability(MutableCapabilities.java:100)
	at org.openqa.selenium.MutableCapabilities.setCapability(MutableCapabilities.java:83)
	at com.demo.core.Base.appiumAndroidSetup(Base.java:74)
	at com.demo.core.Base.getBrowserInstance(Base.java:198)
	at com.demo.steps_definitions.Hooks.openBrowser(Hooks.java:26)
	at cucumber.runtime.Utils$1.call(Utils.java:37)
	at cucumber.runtime.Timeout.timeout(Timeout.java:13)
	at cucumber.runtime.Utils.invoke(Utils.java:31)
	at cucumber.runtime.java.JavaHookDefinition.execute(JavaHookDefinition.java:60)
	at cucumber.runtime.Runtime.runHookIfTagsMatch(Runtime.java:223)
	at cucumber.runtime.Runtime.runHooks(Runtime.java:211)
	at cucumber.runtime.Runtime.runBeforeHooks(Runtime.java:201)
	at cucumber.runtime.model.CucumberScenario.run(CucumberScenario.java:40)
	at cucumber.runtime.model.CucumberFeature.run(CucumberFeature.java:165)
	at cucumber.api.testng.TestNGCucumberRunner.runCucumber(TestNGCucumberRunner.java:63)
	... 21 more
... Removed 20 stack frames]]>
    </failure>
  </testcase> <!-- feature -->
</testsuite> <!-- test2 -->
