<?xml version="1.0" encoding="UTF-8"?>
<!-- Generated by org.testng.reporters.JUnitXMLReporter -->
<testsuite hostname="WKMIN7880754" name="Android Test" tests="1" failures="0" timestamp="19 Aug 2019 02:59:09 GMT" time="0.242" errors="0">
  <testcase name="@BeforeClass setBrowserValue" time="0.0" classname="com.demo.testRunners.Android_DebugTestRunner">
    <failure type="org.testng.TestNGException" message="
Method setBrowserValue requires 5 parameters but 4 were supplied in the @Configuration annotation.">
      <![CDATA[org.testng.TestNGException: 
Method setBrowserValue requires 5 parameters but 4 were supplied in the @Configuration annotation.
	at java.util.concurrent.FutureTask.run(FutureTask.java:266)
	at java.util.concurrent.ThreadPoolExecutor.runWorker(ThreadPoolExecutor.java:1149)
	at java.util.concurrent.ThreadPoolExecutor$Worker.run(ThreadPoolExecutor.java:624)
	at java.lang.Thread.run(Thread.java:748)
... Removed 14 stack frames]]>
    </failure>
  </testcase> <!-- @BeforeClass setBrowserValue -->
  <testcase name="@AfterClass setReport" time="0.0" classname="com.demo.testRunners.Android_DebugTestRunner">
    <skipped/>
  </testcase> <!-- @AfterClass setReport -->
  <testcase name="@AfterClass tearDownClass" time="0.0" classname="com.demo.testRunners.Android_DebugTestRunner">
    <skipped/>
  </testcase> <!-- @AfterClass tearDownClass -->
  <testcase name="feature" time="0.001" classname="com.demo.testRunners.Android_DebugTestRunner">
    <skipped/>
  </testcase> <!-- feature -->
</testsuite> <!-- Android Test -->
