<?xml version="1.0" encoding="UTF-8"?>
<!-- Generated by org.testng.reporters.JUnitReportReporter -->
<testsuite skipped="0" hostname="LAPTOP-AK8SS6IQ" name="com.app.testRunners.Android_TestRunner" tests="1" failures="0" timestamp="20 Jul 2020 10:57:02 GMT" time="68.684" errors="1">
  <testcase name="feature" time="68.684" classname="com.app.testRunners.Android_TestRunner">
    <error type="cucumber.runtime.CucumberException" message="io.appium.java_client.NoSuchContextException: An unknown server-side error occurred while processing the command. Original error: No Chromedriver found that can automate Chrome &#039;84.0.4147&#039;. See https://github.com/appium/appium/blob/master/docs/en/writing-running-appium/web/chromedriver.md for more details. You could also try to enable automated chromedrivers download server feature (WARNING: The server did not provide any stacktrace information)
Command duration or timeout: 0 milliseconds
Build info: version: &#039;3.141.59&#039;, revision: &#039;e82be7d358&#039;, time: &#039;2018-11-14T08:17:03&#039;
System info: host: &#039;LAPTOP-AK8SS6IQ&#039;, ip: &#039;192.168.0.105&#039;, os.name: &#039;Windows 10&#039;, os.arch: &#039;amd64&#039;, os.version: &#039;10.0&#039;, java.version: &#039;1.8.0_261&#039;
Driver info: io.appium.java_client.android.AndroidDriver
Capabilities {acceptInsecureCerts: true, acceptSslCerts: true, appActivity: com.ebay.mobile.activities...., appPackage: com.ebay.mobile, autoDismissAlerts: true, autoGrantPermissions: true, automationName: UiAutomator2, clearSystemFiles: true, databaseEnabled: false, desired: {acceptInsecureCerts: true, acceptSslCerts: true, appActivity: com.ebay.mobile.activities...., appPackage: com.ebay.mobile, autoDismissAlerts: true, autoGrantPermissions: true, automationName: UiAutomator2, clearSystemFiles: true, deviceName: Android Emulator, handlesAlerts: true, newCommandTimeout: 60, noReset: true, platformName: Android, platformVersion: 9, printPageSourceOnFindFailure: true, resetKeyboard: true, takesScreenshot: true, unexpectedAlertBehaviour: true, unhandledPromptBehavior: true, unicodeKeyboard: true}, deviceApiLevel: 28, deviceManufacturer: Google, deviceModel: AOSP on IA Emulator, deviceName: emulator-5554, deviceScreenDensity: 400, deviceScreenSize: 1080x2160, deviceUDID: emulator-5554, handlesAlerts: true, javascriptEnabled: true, locationContextEnabled: false, networkConnectionEnabled: true, newCommandTimeout: 60, noReset: true, pixelRatio: 2.5, platform: LINUX, platformName: Android, platformVersion: 9, printPageSourceOnFindFailure: true, resetKeyboard: true, statBarHeight: 123, takesScreenshot: true, unexpectedAlertBehaviour: true, unhandledPromptBehavior: true, unicodeKeyboard: true, viewportRect: {height: 1746, left: 0, top: 123, width: 1080}, warnings: {}, webStorageEnabled: false}
Session ID: 09faca16-8fcb-4157-bb35-eecee41d4e5c">
      <![CDATA[cucumber.runtime.CucumberException: io.appium.java_client.NoSuchContextException: An unknown server-side error occurred while processing the command. Original error: No Chromedriver found that can automate Chrome '84.0.4147'. See https://github.com/appium/appium/blob/master/docs/en/writing-running-appium/web/chromedriver.md for more details. You could also try to enable automated chromedrivers download server feature (WARNING: The server did not provide any stacktrace information)
Command duration or timeout: 0 milliseconds
Build info: version: '3.141.59', revision: 'e82be7d358', time: '2018-11-14T08:17:03'
System info: host: 'LAPTOP-AK8SS6IQ', ip: '192.168.0.105', os.name: 'Windows 10', os.arch: 'amd64', os.version: '10.0', java.version: '1.8.0_261'
Driver info: io.appium.java_client.android.AndroidDriver
Capabilities {acceptInsecureCerts: true, acceptSslCerts: true, appActivity: com.ebay.mobile.activities...., appPackage: com.ebay.mobile, autoDismissAlerts: true, autoGrantPermissions: true, automationName: UiAutomator2, clearSystemFiles: true, databaseEnabled: false, desired: {acceptInsecureCerts: true, acceptSslCerts: true, appActivity: com.ebay.mobile.activities...., appPackage: com.ebay.mobile, autoDismissAlerts: true, autoGrantPermissions: true, automationName: UiAutomator2, clearSystemFiles: true, deviceName: Android Emulator, handlesAlerts: true, newCommandTimeout: 60, noReset: true, platformName: Android, platformVersion: 9, printPageSourceOnFindFailure: true, resetKeyboard: true, takesScreenshot: true, unexpectedAlertBehaviour: true, unhandledPromptBehavior: true, unicodeKeyboard: true}, deviceApiLevel: 28, deviceManufacturer: Google, deviceModel: AOSP on IA Emulator, deviceName: emulator-5554, deviceScreenDensity: 400, deviceScreenSize: 1080x2160, deviceUDID: emulator-5554, handlesAlerts: true, javascriptEnabled: true, locationContextEnabled: false, networkConnectionEnabled: true, newCommandTimeout: 60, noReset: true, pixelRatio: 2.5, platform: LINUX, platformName: Android, platformVersion: 9, printPageSourceOnFindFailure: true, resetKeyboard: true, statBarHeight: 123, takesScreenshot: true, unexpectedAlertBehaviour: true, unhandledPromptBehavior: true, unicodeKeyboard: true, viewportRect: {height: 1746, left: 0, top: 123, width: 1080}, warnings: {}, webStorageEnabled: false}
Session ID: 09faca16-8fcb-4157-bb35-eecee41d4e5c
	at cucumber.api.testng.TestNGCucumberRunner.runCucumber(TestNGCucumberRunner.java:69)
	at cucumber.api.testng.AbstractTestNGCucumberTests.feature(AbstractTestNGCucumberTests.java:21)
	at sun.reflect.NativeMethodAccessorImpl.invoke0(Native Method)
	at sun.reflect.NativeMethodAccessorImpl.invoke(Unknown Source)
	at sun.reflect.DelegatingMethodAccessorImpl.invoke(Unknown Source)
	at java.lang.reflect.Method.invoke(Unknown Source)
	at org.testng.internal.MethodInvocationHelper.invokeMethod(MethodInvocationHelper.java:108)
	at org.testng.internal.Invoker.invokeMethod(Invoker.java:661)
	at org.testng.internal.Invoker.invokeTestMethod(Invoker.java:869)
	at org.testng.internal.Invoker.invokeTestMethods(Invoker.java:1193)
	at org.testng.internal.TestMethodWorker.invokeTestMethods(TestMethodWorker.java:126)
	at org.testng.internal.TestMethodWorker.run(TestMethodWorker.java:109)
	at org.testng.TestRunner.privateRun(TestRunner.java:744)
	at org.testng.TestRunner.run(TestRunner.java:602)
	at org.testng.SuiteRunner.runTest(SuiteRunner.java:380)
	at org.testng.SuiteRunner.access$000(SuiteRunner.java:39)
	at org.testng.SuiteRunner$SuiteWorker.run(SuiteRunner.java:414)
	at org.testng.internal.thread.ThreadUtil$1.call(ThreadUtil.java:52)
	at java.util.concurrent.FutureTask.run(Unknown Source)
	at java.util.concurrent.ThreadPoolExecutor.runWorker(Unknown Source)
	at java.util.concurrent.ThreadPoolExecutor$Worker.run(Unknown Source)
	at java.lang.Thread.run(Unknown Source)
Caused by: io.appium.java_client.NoSuchContextException: An unknown server-side error occurred while processing the command. Original error: No Chromedriver found that can automate Chrome '84.0.4147'. See https://github.com/appium/appium/blob/master/docs/en/writing-running-appium/web/chromedriver.md for more details. You could also try to enable automated chromedrivers download server feature (WARNING: The server did not provide any stacktrace information)
Command duration or timeout: 0 milliseconds
Build info: version: '3.141.59', revision: 'e82be7d358', time: '2018-11-14T08:17:03'
System info: host: 'LAPTOP-AK8SS6IQ', ip: '192.168.0.105', os.name: 'Windows 10', os.arch: 'amd64', os.version: '10.0', java.version: '1.8.0_261'
Driver info: io.appium.java_client.android.AndroidDriver
Capabilities {acceptInsecureCerts: true, acceptSslCerts: true, appActivity: com.ebay.mobile.activities...., appPackage: com.ebay.mobile, autoDismissAlerts: true, autoGrantPermissions: true, automationName: UiAutomator2, clearSystemFiles: true, databaseEnabled: false, desired: {acceptInsecureCerts: true, acceptSslCerts: true, appActivity: com.ebay.mobile.activities...., appPackage: com.ebay.mobile, autoDismissAlerts: true, autoGrantPermissions: true, automationName: UiAutomator2, clearSystemFiles: true, deviceName: Android Emulator, handlesAlerts: true, newCommandTimeout: 60, noReset: true, platformName: Android, platformVersion: 9, printPageSourceOnFindFailure: true, resetKeyboard: true, takesScreenshot: true, unexpectedAlertBehaviour: true, unhandledPromptBehavior: true, unicodeKeyboard: true}, deviceApiLevel: 28, deviceManufacturer: Google, deviceModel: AOSP on IA Emulator, deviceName: emulator-5554, deviceScreenDensity: 400, deviceScreenSize: 1080x2160, deviceUDID: emulator-5554, handlesAlerts: true, javascriptEnabled: true, locationContextEnabled: false, networkConnectionEnabled: true, newCommandTimeout: 60, noReset: true, pixelRatio: 2.5, platform: LINUX, platformName: Android, platformVersion: 9, printPageSourceOnFindFailure: true, resetKeyboard: true, statBarHeight: 123, takesScreenshot: true, unexpectedAlertBehaviour: true, unhandledPromptBehavior: true, unicodeKeyboard: true, viewportRect: {height: 1746, left: 0, top: 123, width: 1080}, warnings: {}, webStorageEnabled: false}
Session ID: 09faca16-8fcb-4157-bb35-eecee41d4e5c
	at io.appium.java_client.AppiumDriver.context(AppiumDriver.java:231)
	at com.app.steps_definitions.LoginPage_Steps.user_logins_using_google_button(LoginPage_Steps.java:26)
	at âœ½.When User logins using 'google' button(SearchPage.feature:12)
Caused by: org.openqa.selenium.WebDriverException: An unknown server-side error occurred while processing the command. Original error: No Chromedriver found that can automate Chrome '84.0.4147'. See https://github.com/appium/appium/blob/master/docs/en/writing-running-appium/web/chromedriver.md for more details. You could also try to enable automated chromedrivers download server feature (WARNING: The server did not provide any stacktrace information)
Command duration or timeout: 0 milliseconds
Build info: version: '3.141.59', revision: 'e82be7d358', time: '2018-11-14T08:17:03'
System info: host: 'LAPTOP-AK8SS6IQ', ip: '192.168.0.105', os.name: 'Windows 10', os.arch: 'amd64', os.version: '10.0', java.version: '1.8.0_261'
Driver info: io.appium.java_client.android.AndroidDriver
Capabilities {acceptInsecureCerts: true, acceptSslCerts: true, appActivity: com.ebay.mobile.activities...., appPackage: com.ebay.mobile, autoDismissAlerts: true, autoGrantPermissions: true, automationName: UiAutomator2, clearSystemFiles: true, databaseEnabled: false, desired: {acceptInsecureCerts: true, acceptSslCerts: true, appActivity: com.ebay.mobile.activities...., appPackage: com.ebay.mobile, autoDismissAlerts: true, autoGrantPermissions: true, automationName: UiAutomator2, clearSystemFiles: true, deviceName: Android Emulator, handlesAlerts: true, newCommandTimeout: 60, noReset: true, platformName: Android, platformVersion: 9, printPageSourceOnFindFailure: true, resetKeyboard: true, takesScreenshot: true, unexpectedAlertBehaviour: true, unhandledPromptBehavior: true, unicodeKeyboard: true}, deviceApiLevel: 28, deviceManufacturer: Google, deviceModel: AOSP on IA Emulator, deviceName: emulator-5554, deviceScreenDensity: 400, deviceScreenSize: 1080x2160, deviceUDID: emulator-5554, handlesAlerts: true, javascriptEnabled: true, locationContextEnabled: false, networkConnectionEnabled: true, newCommandTimeout: 60, noReset: true, pixelRatio: 2.5, platform: LINUX, platformName: Android, platformVersion: 9, printPageSourceOnFindFailure: true, resetKeyboard: true, statBarHeight: 123, takesScreenshot: true, unexpectedAlertBehaviour: true, unhandledPromptBehavior: true, unicodeKeyboard: true, viewportRect: {height: 1746, left: 0, top: 123, width: 1080}, warnings: {}, webStorageEnabled: false}
Session ID: 09faca16-8fcb-4157-bb35-eecee41d4e5c
	at sun.reflect.NativeConstructorAccessorImpl.newInstance0(Native Method)
	at sun.reflect.NativeConstructorAccessorImpl.newInstance(Unknown Source)
	at sun.reflect.DelegatingConstructorAccessorImpl.newInstance(Unknown Source)
	at java.lang.reflect.Constructor.newInstance(Unknown Source)
	at org.openqa.selenium.remote.ErrorHandler.createThrowable(ErrorHandler.java:214)
	at org.openqa.selenium.remote.ErrorHandler.throwIfResponseFailed(ErrorHandler.java:166)
	at org.openqa.selenium.remote.http.JsonHttpResponseCodec.reconstructValue(JsonHttpResponseCodec.java:40)
	at org.openqa.selenium.remote.http.AbstractHttpResponseCodec.decode(AbstractHttpResponseCodec.java:80)
	at org.openqa.selenium.remote.http.AbstractHttpResponseCodec.decode(AbstractHttpResponseCodec.java:44)
	at org.openqa.selenium.remote.HttpCommandExecutor.execute(HttpCommandExecutor.java:158)
	at io.appium.java_client.remote.AppiumCommandExecutor.execute(AppiumCommandExecutor.java:239)
	at org.openqa.selenium.remote.RemoteWebDriver.execute(RemoteWebDriver.java:548)
	at io.appium.java_client.DefaultGenericMobileDriver.execute(DefaultGenericMobileDriver.java:41)
	at io.appium.java_client.AppiumDriver.execute(AppiumDriver.java:1)
	at io.appium.java_client.android.AndroidDriver.execute(AndroidDriver.java:1)
	at io.appium.java_client.AppiumDriver.context(AppiumDriver.java:228)
	at com.app.steps_definitions.LoginPage_Steps.user_logins_using_google_button(LoginPage_Steps.java:26)
	at sun.reflect.NativeMethodAccessorImpl.invoke0(Native Method)
	at sun.reflect.NativeMethodAccessorImpl.invoke(Unknown Source)
	at sun.reflect.DelegatingMethodAccessorImpl.invoke(Unknown Source)
	at java.lang.reflect.Method.invoke(Unknown Source)
	at cucumber.runtime.Utils$1.call(Utils.java:37)
	at cucumber.runtime.Timeout.timeout(Timeout.java:13)
	at cucumber.runtime.Utils.invoke(Utils.java:31)
	at cucumber.runtime.java.JavaStepDefinition.execute(JavaStepDefinition.java:38)
	at cucumber.runtime.StepDefinitionMatch.runStep(StepDefinitionMatch.java:37)
	at cucumber.runtime.Runtime.runStep(Runtime.java:299)
	at cucumber.runtime.model.StepContainer.runStep(StepContainer.java:44)
	at cucumber.runtime.model.StepContainer.runSteps(StepContainer.java:39)
	at cucumber.runtime.model.CucumberScenario.run(CucumberScenario.java:44)
	at cucumber.runtime.model.CucumberFeature.run(CucumberFeature.java:165)
	at cucumber.api.testng.TestNGCucumberRunner.runCucumber(TestNGCucumberRunner.java:63)
	at cucumber.api.testng.AbstractTestNGCucumberTests.feature(AbstractTestNGCucumberTests.java:21)
	at sun.reflect.NativeMethodAccessorImpl.invoke0(Native Method)
	at sun.reflect.NativeMethodAccessorImpl.invoke(Unknown Source)
	at sun.reflect.DelegatingMethodAccessorImpl.invoke(Unknown Source)
	at java.lang.reflect.Method.invoke(Unknown Source)
	at org.testng.internal.MethodInvocationHelper.invokeMethod(MethodInvocationHelper.java:108)
	at org.testng.internal.Invoker.invokeMethod(Invoker.java:661)
	at org.testng.internal.Invoker.invokeTestMethod(Invoker.java:869)
	at org.testng.internal.Invoker.invokeTestMethods(Invoker.java:1193)
	at org.testng.internal.TestMethodWorker.invokeTestMethods(TestMethodWorker.java:126)
	at org.testng.internal.TestMethodWorker.run(TestMethodWorker.java:109)
	at org.testng.TestRunner.privateRun(TestRunner.java:744)
	at org.testng.TestRunner.run(TestRunner.java:602)
	at org.testng.SuiteRunner.runTest(SuiteRunner.java:380)
	at org.testng.SuiteRunner.access$000(SuiteRunner.java:39)
	at org.testng.SuiteRunner$SuiteWorker.run(SuiteRunner.java:414)
	at org.testng.internal.thread.ThreadUtil$1.call(ThreadUtil.java:52)
	at java.util.concurrent.FutureTask.run(Unknown Source)
	at java.util.concurrent.ThreadPoolExecutor.runWorker(Unknown Source)
	at java.util.concurrent.ThreadPoolExecutor$Worker.run(Unknown Source)
	at java.lang.Thread.run(Unknown Source)
]]>
    </error>
  </testcase> <!-- feature -->
</testsuite> <!-- com.app.testRunners.Android_TestRunner -->
